<?xml version="1.0" encoding="UTF-8"?>

<mule xmlns:http="http://www.mulesoft.org/schema/mule/http"
	xmlns:ee="http://www.mulesoft.org/schema/mule/ee/core"
	xmlns:xsi="http://www.w3.org/2001/XMLSchema-instance"
	xmlns:munit="http://www.mulesoft.org/schema/mule/munit" xmlns:munit-tools="http://www.mulesoft.org/schema/mule/munit-tools"
	xmlns="http://www.mulesoft.org/schema/mule/core" xmlns:doc="http://www.mulesoft.org/schema/mule/documentation"
	xsi:schemaLocation="
http://www.mulesoft.org/schema/mule/http http://www.mulesoft.org/schema/mule/http/current/mule-http.xsd
http://www.mulesoft.org/schema/mule/ee/core http://www.mulesoft.org/schema/mule/ee/core/current/mule-ee.xsd
		http://www.mulesoft.org/schema/mule/core http://www.mulesoft.org/schema/mule/core/current/mule.xsd
		http://www.mulesoft.org/schema/mule/munit http://www.mulesoft.org/schema/mule/munit/current/mule-munit.xsd
		http://www.mulesoft.org/schema/mule/munit-tools  http://www.mulesoft.org/schema/mule/munit-tools/current/mule-munit-tools.xsd">
	<munit:config name="test-suite.xml" />

	<http:request-config name="HTTP_Request_configuration" doc:name="HTTP Request configuration" doc:id="6b5aa625-f970-4771-866b-20389dd54c67">
		<http:request-connection host="127.0.0.1" port="${http.port}" />
	</http:request-config>

	<munit:test name="retry-mechanism-happyFlowTest" description="Test" doc:id="267cfccb-8f25-4a05-a916-42fe4457eb5d" >
    	<munit:enable-flow-sources>
	        <munit:enable-flow-source value="retry-mechanism-exampleFlow"/>
    	</munit:enable-flow-sources>

    	<munit:execution>
	        <http:request method="GET" path="/trigger" config-ref="HTTP_Request_configuration" doc:name="Request"/>
    	</munit:execution>

    	<munit:validation>
        	<ee:transform doc:name="Transform Response body to String" doc:id="88ff422c-a6c2-49af-9c07-891f73dafe6f" >
				<ee:message >
					<ee:set-payload ><![CDATA[%dw 2.0
output application/java
---
payload]]></ee:set-payload>
				</ee:message>
			</ee:transform>
			<munit-tools:assert-that expression="#[payload]" is="#[MunitTools::equalTo('Processing successfully completed.')]" doc:name="Assert response body"/>
			<munit-tools:assert-that doc:name="Assert response status" doc:id="e399bb68-26ef-428c-9b68-89ca73bf76b1" expression="#[attributes.statusCode]" is="#[MunitTools::equalTo(200)]"/>
			<munit-tools:verify-call doc:name="Verify call" doc:id="7bea4d26-8fa5-4c65-a73c-01217ad4edff" processor="scripting:execute" times="0"/>


</munit:validation>
	</munit:test>

	<munit:test name="retry-mechanism-retryFlowTest" description="Test" doc:id="267cfccb-8f25-4a05-a916-42fe4457eb5d" >
    	<munit:enable-flow-sources>
	        <munit:enable-flow-source value="retry-mechanism-exampleFlow"/>
    	</munit:enable-flow-sources>

    	<munit:execution>
			<try doc:name="Try" doc:id="9740ab8e-5d09-4565-929e-ee8f8e48dbaf" >
				<http:request method="GET" path="/trigger?fail=true" config-ref="HTTP_Request_configuration" doc:name="Request" />
				<error-handler >
					<on-error-continue enableNotifications="true" logException="true" doc:name="On Error Continue" doc:id="2fba5edf-0faa-4369-9d5b-94b39527103c" >
						<munit-tools:assert-that doc:name="Assert error message" doc:id="e399bb68-26ef-428c-9b68-89ca73bf76b1" expression="#[error.cause.message]" is="#[MunitTools::equalTo(&quot;HTTP GET on resource 'http://127.0.0.1:&quot; ++ p('http.port') ++ &quot;/trigger?fail=true' failed: internal server error (500).&quot;)]" />
						<munit-tools:verify-call doc:name="Verify call" doc:id="7bea4d26-8fa5-4c65-a73c-01217ad4edff" processor="scripting:execute" times="6" />
					</on-error-continue>
				</error-handler>
			</try>

</munit:execution>

</munit:test>


</mule>
